{"D:\\WORK\\Proba\\ForVue\\profitoro-nuxt\\components\\common\\FooterComponent.vue": {"path":"D:\\WORK\\Proba\\ForVue\\profitoro-nuxt\\components\\common\\FooterComponent.vue","statementMap":{"0":{"start":{"line":2,"column":15},"end":{"line":2,"column":null}}},"fnMap":{},"branchMap":{},"s":{"0":1},"f":{},"b":{}}
,"D:\\WORK\\Proba\\ForVue\\profitoro-nuxt\\components\\common\\HeaderComponent.vue": {"path":"D:\\WORK\\Proba\\ForVue\\profitoro-nuxt\\components\\common\\HeaderComponent.vue","statementMap":{"0":{"start":{"line":2,"column":0},"end":{"line":2,"column":null}},"1":{"start":{"line":3,"column":0},"end":{"line":3,"column":null}},"2":{"start":{"line":5,"column":15},"end":{"line":5,"column":null}},"3":{"start":{"line":12,"column":6},"end":{"line":12,"column":11}},"4":{"start":{"line":13,"column":6},"end":{"line":13,"column":11}}},"fnMap":{"0":{"name":"(anonymous_1)","decl":{"start":{"line":11,"column":4},"end":{"line":11,"column":12}},"loc":{"start":{"line":11,"column":16},"end":{"line":14,"column":null}}}},"branchMap":{},"s":{"0":2,"1":2,"2":2,"3":1,"4":1},"f":{"0":1},"b":{}}
,"D:\\WORK\\Proba\\ForVue\\profitoro-nuxt\\components\\common\\Logo.vue": {"path":"D:\\WORK\\Proba\\ForVue\\profitoro-nuxt\\components\\common\\Logo.vue","statementMap":{"0":{"start":{"line":2,"column":15},"end":{"line":2,"column":null}},"1":{"start":{"line":4,"column":4},"end":{"line":4,"column":11}}},"fnMap":{"0":{"name":"(anonymous_0)","decl":{"start":{"line":3,"column":2},"end":{"line":3,"column":6}},"loc":{"start":{"line":3,"column":10},"end":{"line":7,"column":null}}}},"branchMap":{},"s":{"0":2,"1":6},"f":{"0":6},"b":{}}
,"D:\\WORK\\Proba\\ForVue\\profitoro-nuxt\\components\\common\\index.js": {"path":"D:\\WORK\\Proba\\ForVue\\profitoro-nuxt\\components\\common\\index.js","statementMap":{},"fnMap":{},"branchMap":{},"s":{},"f":{},"b":{},"_coverageSchema":"43e27e138ebf9cfc5966b082cf9a028302ed4184","hash":"1daed516f345e5ae1fa3cb8b31cc7e2f94a1e0f5"}
,"D:\\WORK\\Proba\\ForVue\\profitoro-nuxt\\components\\landing\\Authentication.vue": {"path":"D:\\WORK\\Proba\\ForVue\\profitoro-nuxt\\components\\landing\\Authentication.vue","statementMap":{"0":{"start":{"line":2,"column":0},"end":{"line":2,"column":null}},"1":{"start":{"line":4,"column":17},"end":{"line":4,"column":null}},"2":{"start":{"line":8,"column":25},"end":{"line":8,"column":null}},"3":{"start":{"line":12,"column":15},"end":{"line":12,"column":null}},"4":{"start":{"line":14,"column":4},"end":{"line":14,"column":11}},"5":{"start":{"line":22,"column":6},"end":{"line":22,"column":13}},"6":{"start":{"line":25,"column":6},"end":{"line":25,"column":13}},"7":{"start":{"line":28,"column":6},"end":{"line":28,"column":13}},"8":{"start":{"line":34,"column":6},"end":{"line":34,"column":11}},"9":{"start":{"line":37,"column":6},"end":{"line":37,"column":8}},"10":{"start":{"line":38,"column":6},"end":{"line":38,"column":8}},"11":{"start":{"line":39,"column":19},"end":{"line":39,"column":null}},"12":{"start":{"line":40,"column":6},"end":{"line":40,"column":12}}},"fnMap":{"0":{"name":"(anonymous_0)","decl":{"start":{"line":13,"column":2},"end":{"line":13,"column":6}},"loc":{"start":{"line":13,"column":10},"end":{"line":19,"column":null}}},"1":{"name":"(anonymous_1)","decl":{"start":{"line":21,"column":4},"end":{"line":21,"column":13}},"loc":{"start":{"line":21,"column":17},"end":{"line":23,"column":null}}},"2":{"name":"(anonymous_2)","decl":{"start":{"line":24,"column":4},"end":{"line":24,"column":20}},"loc":{"start":{"line":24,"column":24},"end":{"line":26,"column":null}}},"3":{"name":"(anonymous_3)","decl":{"start":{"line":27,"column":4},"end":{"line":27,"column":20}},"loc":{"start":{"line":27,"column":24},"end":{"line":29,"column":null}}},"4":{"name":"(anonymous_4)","decl":{"start":{"line":33,"column":4},"end":{"line":33,"column":12}},"loc":{"start":{"line":33,"column":16},"end":{"line":35,"column":null}}},"5":{"name":"(anonymous_5)","decl":{"start":{"line":36,"column":4},"end":{"line":36,"column":12}},"loc":{"start":{"line":36,"column":18},"end":{"line":41,"column":null}}}},"branchMap":{"0":{"loc":{"start":{"line":22,"column":28},"end":{"line":22,"column":47}},"type":"cond-expr","locations":[{"start":{"line":22,"column":28},"end":{"line":22,"column":47}},{"start":{"line":22,"column":47},"end":{"line":22,"column":null}}]},"1":{"loc":{"start":{"line":25,"column":28},"end":{"line":25,"column":48}},"type":"cond-expr","locations":[{"start":{"line":25,"column":28},"end":{"line":25,"column":48}},{"start":{"line":25,"column":48},"end":{"line":25,"column":null}}]},"2":{"loc":{"start":{"line":28,"column":28},"end":{"line":28,"column":55}},"type":"cond-expr","locations":[{"start":{"line":28,"column":28},"end":{"line":28,"column":55}},{"start":{"line":28,"column":55},"end":{"line":28,"column":null}}]},"3":{"loc":{"start":{"line":39,"column":34},"end":{"line":39,"column":54}},"type":"cond-expr","locations":[{"start":{"line":39,"column":34},"end":{"line":39,"column":54}},{"start":{"line":39,"column":54},"end":{"line":39,"column":null}}]}},"s":{"0":1,"1":1,"2":1,"3":1,"4":2,"5":2,"6":2,"7":2,"8":0,"9":0,"10":0,"11":0,"12":0},"f":{"0":2,"1":2,"2":2,"3":2,"4":0,"5":0},"b":{"0":[2,0],"1":[2,0],"2":[2,0],"3":[0,0]}}
,"D:\\WORK\\Proba\\ForVue\\profitoro-nuxt\\components\\landing\\LogoText.vue": {"path":"D:\\WORK\\Proba\\ForVue\\profitoro-nuxt\\components\\landing\\LogoText.vue","statementMap":{"0":{"start":{"line":2,"column":15},"end":{"line":2,"column":null}}},"fnMap":{},"branchMap":{},"s":{"0":1},"f":{},"b":{}}
,"D:\\WORK\\Proba\\ForVue\\profitoro-nuxt\\components\\landing\\Tagline.vue": {"path":"D:\\WORK\\Proba\\ForVue\\profitoro-nuxt\\components\\landing\\Tagline.vue","statementMap":{"0":{"start":{"line":2,"column":15},"end":{"line":2,"column":null}}},"fnMap":{},"branchMap":{},"s":{"0":1},"f":{},"b":{}}
,"D:\\WORK\\Proba\\ForVue\\profitoro-nuxt\\components\\landing\\index.js": {"path":"D:\\WORK\\Proba\\ForVue\\profitoro-nuxt\\components\\landing\\index.js","statementMap":{},"fnMap":{},"branchMap":{},"s":{},"f":{},"b":{},"_coverageSchema":"43e27e138ebf9cfc5966b082cf9a028302ed4184","hash":"b1a1f797f7b990a828e7d09e5265ecee760041db"}
,"D:\\WORK\\Proba\\ForVue\\profitoro-nuxt\\components\\settings\\AccountSettings.vue": {"path":"D:\\WORK\\Proba\\ForVue\\profitoro-nuxt\\components\\settings\\AccountSettings.vue","statementMap":{"0":{"start":{"line":2,"column":0},"end":{"line":2,"column":null}},"1":{"start":{"line":4,"column":15},"end":{"line":4,"column":null}},"2":{"start":{"line":6,"column":4},"end":{"line":6,"column":11}},"3":{"start":{"line":17,"column":4},"end":{"line":17,"column":9}},"4":{"start":{"line":18,"column":4},"end":{"line":18,"column":9}},"5":{"start":{"line":19,"column":4},"end":{"line":19,"column":9}},"6":{"start":{"line":24,"column":6},"end":{"line":24,"column":11}},"7":{"start":{"line":27,"column":6},"end":{"line":27,"column":11}},"8":{"start":{"line":30,"column":6},"end":{"line":30,"column":11}},"9":{"start":{"line":33,"column":6},"end":{"line":33,"column":11}},"10":{"start":{"line":34,"column":6},"end":{"line":34,"column":11}}},"fnMap":{"0":{"name":"(anonymous_0)","decl":{"start":{"line":5,"column":2},"end":{"line":5,"column":6}},"loc":{"start":{"line":5,"column":10},"end":{"line":12,"column":null}}},"1":{"name":"(anonymous_1)","decl":{"start":{"line":16,"column":2},"end":{"line":16,"column":9}},"loc":{"start":{"line":16,"column":13},"end":{"line":20,"column":null}}},"2":{"name":"(anonymous_2)","decl":{"start":{"line":23,"column":4},"end":{"line":23,"column":20}},"loc":{"start":{"line":23,"column":24},"end":{"line":25,"column":null}}},"3":{"name":"(anonymous_3)","decl":{"start":{"line":26,"column":4},"end":{"line":26,"column":21}},"loc":{"start":{"line":26,"column":25},"end":{"line":28,"column":null}}},"4":{"name":"(anonymous_4)","decl":{"start":{"line":29,"column":4},"end":{"line":29,"column":22}},"loc":{"start":{"line":29,"column":26},"end":{"line":31,"column":null}}},"5":{"name":"(anonymous_5)","decl":{"start":{"line":32,"column":4},"end":{"line":32,"column":23}},"loc":{"start":{"line":32,"column":27},"end":{"line":35,"column":null}}}},"branchMap":{"0":{"loc":{"start":{"line":19,"column":41},"end":{"line":19,"column":62}},"type":"cond-expr","locations":[{"start":{"line":19,"column":41},"end":{"line":19,"column":62}},{"start":{"line":19,"column":62},"end":{"line":19,"column":null}}]}},"s":{"0":1,"1":1,"2":1,"3":1,"4":1,"5":1,"6":0,"7":0,"8":0,"9":0,"10":0},"f":{"0":1,"1":1,"2":0,"3":0,"4":0,"5":0},"b":{"0":[0,1]}}
,"D:\\WORK\\Proba\\ForVue\\profitoro-nuxt\\components\\settings\\PomodoroTimerSettings.vue": {"path":"D:\\WORK\\Proba\\ForVue\\profitoro-nuxt\\components\\settings\\PomodoroTimerSettings.vue","statementMap":{"0":{"start":{"line":2,"column":0},"end":{"line":2,"column":null}},"1":{"start":{"line":3,"column":0},"end":{"line":3,"column":null}},"2":{"start":{"line":4,"column":0},"end":{"line":4,"column":null}},"3":{"start":{"line":5,"column":15},"end":{"line":5,"column":null}}},"fnMap":{},"branchMap":{},"s":{"0":1,"1":1,"2":1,"3":1},"f":{},"b":{}}
,"D:\\WORK\\Proba\\ForVue\\profitoro-nuxt\\components\\settings\\SetTimer.vue": {"path":"D:\\WORK\\Proba\\ForVue\\profitoro-nuxt\\components\\settings\\SetTimer.vue","statementMap":{"0":{"start":{"line":2,"column":15},"end":{"line":2,"column":null}},"1":{"start":{"line":6,"column":6},"end":{"line":6,"column":11}}},"fnMap":{"0":{"name":"(anonymous_0)","decl":{"start":{"line":5,"column":4},"end":{"line":5,"column":12}},"loc":{"start":{"line":5,"column":18},"end":{"line":7,"column":null}}}},"branchMap":{},"s":{"0":1,"1":0},"f":{"0":0},"b":{}}
,"D:\\WORK\\Proba\\ForVue\\profitoro-nuxt\\components\\timer\\CountDownTimer.vue": {"path":"D:\\WORK\\Proba\\ForVue\\profitoro-nuxt\\components\\timer\\CountDownTimer.vue","statementMap":{"0":{"start":{"line":2,"column":0},"end":{"line":2,"column":null}},"1":{"start":{"line":3,"column":0},"end":{"line":3,"column":null}},"2":{"start":{"line":4,"column":14},"end":{"line":4,"column":null}},"3":{"start":{"line":10,"column":15},"end":{"line":10,"column":null}},"4":{"start":{"line":13,"column":4},"end":{"line":13,"column":11}},"5":{"start":{"line":24,"column":6},"end":{"line":24,"column":13}},"6":{"start":{"line":27,"column":6},"end":{"line":27,"column":13}},"7":{"start":{"line":30,"column":6},"end":{"line":30,"column":13}},"8":{"start":{"line":33,"column":6},"end":{"line":33,"column":14}},"9":{"start":{"line":41,"column":6},"end":{"line":41,"column":11}},"10":{"start":{"line":42,"column":6},"end":{"line":42,"column":11}},"11":{"start":{"line":43,"column":6},"end":{"line":45,"column":null}},"12":{"start":{"line":44,"column":8},"end":{"line":44,"column":21}},"13":{"start":{"line":48,"column":6},"end":{"line":51,"column":null}},"14":{"start":{"line":49,"column":8},"end":{"line":49,"column":13}},"15":{"start":{"line":50,"column":8},"end":{"line":50,"column":13}},"16":{"start":{"line":52,"column":6},"end":{"line":52,"column":11}},"17":{"start":{"line":53,"column":6},"end":{"line":53,"column":11}},"18":{"start":{"line":54,"column":6},"end":{"line":54,"column":11}},"19":{"start":{"line":55,"column":6},"end":{"line":55,"column":11}},"20":{"start":{"line":57,"column":31},"end":{"line":57,"column":54}},"21":{"start":{"line":59,"column":8},"end":{"line":59,"column":13}},"22":{"start":{"line":60,"column":8},"end":{"line":63,"column":null}},"23":{"start":{"line":61,"column":10},"end":{"line":61,"column":15}},"24":{"start":{"line":62,"column":10},"end":{"line":62,"column":15}},"25":{"start":{"line":67,"column":6},"end":{"line":67,"column":11}},"26":{"start":{"line":68,"column":6},"end":{"line":68,"column":19}},"27":{"start":{"line":69,"column":6},"end":{"line":69,"column":11}},"28":{"start":{"line":72,"column":6},"end":{"line":72,"column":19}},"29":{"start":{"line":73,"column":6},"end":{"line":73,"column":11}},"30":{"start":{"line":74,"column":6},"end":{"line":74,"column":11}},"31":{"start":{"line":75,"column":6},"end":{"line":75,"column":11}},"32":{"start":{"line":80,"column":6},"end":{"line":80,"column":11}}},"fnMap":{"0":{"name":"(anonymous_1)","decl":{"start":{"line":12,"column":2},"end":{"line":12,"column":6}},"loc":{"start":{"line":12,"column":10},"end":{"line":21,"column":null}}},"1":{"name":"(anonymous_2)","decl":{"start":{"line":23,"column":4},"end":{"line":23,"column":11}},"loc":{"start":{"line":23,"column":15},"end":{"line":25,"column":null}}},"2":{"name":"(anonymous_3)","decl":{"start":{"line":26,"column":4},"end":{"line":26,"column":11}},"loc":{"start":{"line":26,"column":15},"end":{"line":28,"column":null}}},"3":{"name":"(anonymous_4)","decl":{"start":{"line":29,"column":4},"end":{"line":29,"column":9}},"loc":{"start":{"line":29,"column":13},"end":{"line":31,"column":null}}},"4":{"name":"(anonymous_5)","decl":{"start":{"line":32,"column":4},"end":{"line":32,"column":8}},"loc":{"start":{"line":32,"column":12},"end":{"line":34,"column":null}}},"5":{"name":"(anonymous_6)","decl":{"start":{"line":40,"column":4},"end":{"line":40,"column":10}},"loc":{"start":{"line":40,"column":14},"end":{"line":46,"column":null}}},"6":{"name":"(anonymous_7)","decl":{"start":{"line":47,"column":4},"end":{"line":47,"column":9}},"loc":{"start":{"line":47,"column":13},"end":{"line":65,"column":null}}},"7":{"name":"(anonymous_8)","decl":{"start":{"line":55,"column":34},"end":{"line":55,"column":40}},"loc":{"start":{"line":55,"column":40},"end":{"line":64,"column":9}}},"8":{"name":"(anonymous_9)","decl":{"start":{"line":66,"column":4},"end":{"line":66,"column":9}},"loc":{"start":{"line":66,"column":13},"end":{"line":70,"column":null}}},"9":{"name":"(anonymous_10)","decl":{"start":{"line":71,"column":4},"end":{"line":71,"column":8}},"loc":{"start":{"line":71,"column":12},"end":{"line":76,"column":null}}},"10":{"name":"(anonymous_11)","decl":{"start":{"line":79,"column":4},"end":{"line":79,"column":8}},"loc":{"start":{"line":79,"column":12},"end":{"line":81,"column":null}}}},"branchMap":{"0":{"loc":{"start":{"line":43,"column":6},"end":{"line":45,"column":null}},"type":"if","locations":[{"start":{"line":43,"column":6},"end":{"line":45,"column":null}},{"start":{"line":43,"column":6},"end":{"line":45,"column":null}}]},"1":{"loc":{"start":{"line":48,"column":6},"end":{"line":51,"column":null}},"type":"if","locations":[{"start":{"line":48,"column":6},"end":{"line":51,"column":null}},{"start":{"line":48,"column":6},"end":{"line":51,"column":null}}]},"2":{"loc":{"start":{"line":48,"column":10},"end":{"line":48,"column":42}},"type":"binary-expr","locations":[{"start":{"line":48,"column":10},"end":{"line":48,"column":42}},{"start":{"line":48,"column":42},"end":{"line":48,"column":71}}]},"3":{"loc":{"start":{"line":60,"column":8},"end":{"line":63,"column":null}},"type":"if","locations":[{"start":{"line":60,"column":8},"end":{"line":63,"column":null}},{"start":{"line":60,"column":8},"end":{"line":63,"column":null}}]}},"s":{"0":1,"1":1,"2":1,"3":1,"4":1,"5":1,"6":1,"7":1,"8":1,"9":0,"10":0,"11":0,"12":0,"13":0,"14":0,"15":0,"16":0,"17":0,"18":0,"19":0,"20":0,"21":0,"22":0,"23":0,"24":0,"25":0,"26":0,"27":0,"28":0,"29":0,"30":0,"31":0,"32":0},"f":{"0":1,"1":1,"2":1,"3":1,"4":1,"5":0,"6":0,"7":0,"8":0,"9":0,"10":0},"b":{"0":[0,0],"1":[0,0],"2":[0,0],"3":[0,0]}}
,"D:\\WORK\\Proba\\ForVue\\profitoro-nuxt\\components\\timer\\SvgCircleSector.vue": {"path":"D:\\WORK\\Proba\\ForVue\\profitoro-nuxt\\components\\timer\\SvgCircleSector.vue","statementMap":{"0":{"start":{"line":10,"column":2},"end":{"line":16,"column":null}},"1":{"start":{"line":11,"column":4},"end":{"line":11,"column":5}},"2":{"start":{"line":12,"column":4},"end":{"line":12,"column":5}},"3":{"start":{"line":14,"column":4},"end":{"line":14,"column":5}},"4":{"start":{"line":15,"column":4},"end":{"line":15,"column":5}},"5":{"start":{"line":18,"column":2},"end":{"line":18,"column":9}},"6":{"start":{"line":29,"column":15},"end":{"line":29,"column":28}},"7":{"start":{"line":30,"column":2},"end":{"line":34,"column":null}},"8":{"start":{"line":31,"column":4},"end":{"line":31,"column":5}},"9":{"start":{"line":33,"column":4},"end":{"line":33,"column":5}},"10":{"start":{"line":35,"column":2},"end":{"line":35,"column":9}},"11":{"start":{"line":37,"column":15},"end":{"line":37,"column":null}},"12":{"start":{"line":41,"column":6},"end":{"line":41,"column":13}}},"fnMap":{"0":{"name":"calcEndPoint","decl":{"start":{"line":7,"column":9},"end":{"line":7,"column":23}},"loc":{"start":{"line":7,"column":30},"end":{"line":21,"column":null}}},"1":{"name":"calcPath","decl":{"start":{"line":27,"column":9},"end":{"line":27,"column":19}},"loc":{"start":{"line":27,"column":26},"end":{"line":36,"column":null}}},"2":{"name":"(anonymous_2)","decl":{"start":{"line":40,"column":4},"end":{"line":40,"column":8}},"loc":{"start":{"line":40,"column":12},"end":{"line":42,"column":null}}}},"branchMap":{"0":{"loc":{"start":{"line":10,"column":2},"end":{"line":16,"column":null}},"type":"if","locations":[{"start":{"line":10,"column":2},"end":{"line":16,"column":null}},{"start":{"line":10,"column":2},"end":{"line":16,"column":null}}]},"1":{"loc":{"start":{"line":30,"column":2},"end":{"line":34,"column":null}},"type":"if","locations":[{"start":{"line":30,"column":2},"end":{"line":34,"column":null}},{"start":{"line":30,"column":2},"end":{"line":34,"column":null}}]}},"s":{"0":1,"1":1,"2":1,"3":0,"4":0,"5":1,"6":1,"7":1,"8":1,"9":0,"10":1,"11":1,"12":1},"f":{"0":1,"1":1,"2":1},"b":{"0":[1,0],"1":[1,0]}}
,"D:\\WORK\\Proba\\ForVue\\profitoro-nuxt\\components\\workouts\\NewWorkoutComponent.vue": {"path":"D:\\WORK\\Proba\\ForVue\\profitoro-nuxt\\components\\workouts\\NewWorkoutComponent.vue","statementMap":{"0":{"start":{"line":2,"column":0},"end":{"line":2,"column":null}},"1":{"start":{"line":4,"column":15},"end":{"line":4,"column":null}},"2":{"start":{"line":6,"column":4},"end":{"line":6,"column":11}},"3":{"start":{"line":15,"column":6},"end":{"line":15,"column":11}},"4":{"start":{"line":18,"column":6},"end":{"line":18,"column":11}},"5":{"start":{"line":19,"column":6},"end":{"line":19,"column":11}},"6":{"start":{"line":20,"column":6},"end":{"line":20,"column":11}},"7":{"start":{"line":21,"column":6},"end":{"line":21,"column":11}},"8":{"start":{"line":24,"column":6},"end":{"line":24,"column":8}},"9":{"start":{"line":25,"column":6},"end":{"line":25,"column":8}},"10":{"start":{"line":26,"column":6},"end":{"line":26,"column":11}},"11":{"start":{"line":29,"column":6},"end":{"line":29,"column":8}},"12":{"start":{"line":30,"column":6},"end":{"line":30,"column":8}},"13":{"start":{"line":31,"column":6},"end":{"line":31,"column":11}},"14":{"start":{"line":32,"column":8},"end":{"line":32,"column":13}},"15":{"start":{"line":37,"column":8},"end":{"line":37,"column":13}}},"fnMap":{"0":{"name":"(anonymous_0)","decl":{"start":{"line":5,"column":2},"end":{"line":5,"column":6}},"loc":{"start":{"line":5,"column":10},"end":{"line":11,"column":null}}},"1":{"name":"(anonymous_1)","decl":{"start":{"line":14,"column":4},"end":{"line":14,"column":15}},"loc":{"start":{"line":14,"column":24},"end":{"line":16,"column":null}}},"2":{"name":"(anonymous_2)","decl":{"start":{"line":17,"column":4},"end":{"line":17,"column":9}},"loc":{"start":{"line":17,"column":13},"end":{"line":22,"column":null}}},"3":{"name":"(anonymous_3)","decl":{"start":{"line":23,"column":4},"end":{"line":23,"column":12}},"loc":{"start":{"line":23,"column":18},"end":{"line":27,"column":null}}},"4":{"name":"(anonymous_4)","decl":{"start":{"line":28,"column":4},"end":{"line":28,"column":15}},"loc":{"start":{"line":28,"column":21},"end":{"line":39,"column":null}}},"5":{"name":"(anonymous_5)","decl":{"start":{"line":31,"column":44},"end":{"line":31,"column":51}},"loc":{"start":{"line":31,"column":55},"end":{"line":38,"column":null}}}},"branchMap":{},"s":{"0":1,"1":1,"2":1,"3":0,"4":0,"5":0,"6":0,"7":0,"8":0,"9":0,"10":0,"11":0,"12":0,"13":0,"14":0,"15":0},"f":{"0":1,"1":0,"2":0,"3":0,"4":0,"5":0},"b":{}}
,"D:\\WORK\\Proba\\ForVue\\profitoro-nuxt\\components\\workouts\\WorkoutComponent.vue": {"path":"D:\\WORK\\Proba\\ForVue\\profitoro-nuxt\\components\\workouts\\WorkoutComponent.vue","statementMap":{"0":{"start":{"line":2,"column":15},"end":{"line":2,"column":null}}},"fnMap":{},"branchMap":{},"s":{"0":1},"f":{},"b":{}}
,"D:\\WORK\\Proba\\ForVue\\profitoro-nuxt\\components\\workouts\\WorkoutsComponent.vue": {"path":"D:\\WORK\\Proba\\ForVue\\profitoro-nuxt\\components\\workouts\\WorkoutsComponent.vue","statementMap":{"0":{"start":{"line":2,"column":0},"end":{"line":2,"column":null}},"1":{"start":{"line":3,"column":0},"end":{"line":3,"column":null}},"2":{"start":{"line":4,"column":0},"end":{"line":4,"column":null}},"3":{"start":{"line":6,"column":15},"end":{"line":6,"column":null}},"4":{"start":{"line":8,"column":4},"end":{"line":8,"column":11}},"5":{"start":{"line":24,"column":6},"end":{"line":24,"column":13}},"6":{"start":{"line":25,"column":19},"end":{"line":25,"column":26}},"7":{"start":{"line":26,"column":26},"end":{"line":26,"column":33}},"8":{"start":{"line":27,"column":23},"end":{"line":27,"column":30}},"9":{"start":{"line":28,"column":19},"end":{"line":28,"column":24}},"10":{"start":{"line":29,"column":8},"end":{"line":29,"column":15}},"11":{"start":{"line":35,"column":6},"end":{"line":35,"column":11}},"12":{"start":{"line":36,"column":6},"end":{"line":36,"column":11}},"13":{"start":{"line":37,"column":6},"end":{"line":37,"column":11}},"14":{"start":{"line":38,"column":6},"end":{"line":38,"column":11}},"15":{"start":{"line":39,"column":6},"end":{"line":39,"column":11}},"16":{"start":{"line":40,"column":6},"end":{"line":40,"column":11}}},"fnMap":{"0":{"name":"(anonymous_1)","decl":{"start":{"line":7,"column":2},"end":{"line":7,"column":6}},"loc":{"start":{"line":7,"column":10},"end":{"line":17,"column":null}}},"1":{"name":"(anonymous_2)","decl":{"start":{"line":23,"column":4},"end":{"line":23,"column":21}},"loc":{"start":{"line":23,"column":25},"end":{"line":31,"column":null}}},"2":{"name":"(anonymous_3)","decl":{"start":{"line":24,"column":34},"end":{"line":24,"column":41}},"loc":{"start":{"line":24,"column":45},"end":{"line":30,"column":null}}},"3":{"name":"(anonymous_4)","decl":{"start":{"line":34,"column":4},"end":{"line":34,"column":19}},"loc":{"start":{"line":34,"column":30},"end":{"line":41,"column":null}}}},"branchMap":{"0":{"loc":{"start":{"line":29,"column":15},"end":{"line":29,"column":42}},"type":"binary-expr","locations":[{"start":{"line":29,"column":15},"end":{"line":29,"column":42}},{"start":{"line":29,"column":42},"end":{"line":29,"column":76}},{"start":{"line":29,"column":76},"end":{"line":29,"column":null}}]}},"s":{"0":1,"1":1,"2":1,"3":1,"4":1,"5":1,"6":0,"7":0,"8":0,"9":0,"10":0,"11":0,"12":0,"13":0,"14":0,"15":0,"16":0},"f":{"0":1,"1":1,"2":0,"3":0},"b":{"0":[0,0,0]}}
,"D:\\WORK\\Proba\\ForVue\\profitoro-nuxt\\components\\workouts\\index.js": {"path":"D:\\WORK\\Proba\\ForVue\\profitoro-nuxt\\components\\workouts\\index.js","statementMap":{},"fnMap":{},"branchMap":{},"s":{},"f":{},"b":{},"_coverageSchema":"43e27e138ebf9cfc5966b082cf9a028302ed4184","hash":"08e8e1d779a7b4ae9dd4111c3ba533bed8c92693"}
,"D:\\WORK\\Proba\\ForVue\\profitoro-nuxt\\pages\\about.vue": {"path":"D:\\WORK\\Proba\\ForVue\\profitoro-nuxt\\pages\\about.vue","statementMap":{"0":{"start":{"line":2,"column":0},"end":{"line":2,"column":null}},"1":{"start":{"line":4,"column":15},"end":{"line":4,"column":null}}},"fnMap":{},"branchMap":{},"s":{"0":1,"1":1},"f":{},"b":{}}
,"D:\\WORK\\Proba\\ForVue\\profitoro-nuxt\\pages\\index.vue": {"path":"D:\\WORK\\Proba\\ForVue\\profitoro-nuxt\\pages\\index.vue","statementMap":{"0":{"start":{"line":2,"column":0},"end":{"line":2,"column":null}},"1":{"start":{"line":3,"column":0},"end":{"line":3,"column":null}},"2":{"start":{"line":4,"column":0},"end":{"line":4,"column":null}},"3":{"start":{"line":6,"column":15},"end":{"line":6,"column":null}},"4":{"start":{"line":14,"column":6},"end":{"line":14,"column":13}},"5":{"start":{"line":18,"column":4},"end":{"line":18,"column":9}}},"fnMap":{"0":{"name":"(anonymous_1)","decl":{"start":{"line":13,"column":4},"end":{"line":13,"column":19}},"loc":{"start":{"line":13,"column":23},"end":{"line":15,"column":null}}},"1":{"name":"(anonymous_2)","decl":{"start":{"line":17,"column":2},"end":{"line":17,"column":9}},"loc":{"start":{"line":17,"column":13},"end":{"line":19,"column":null}}}},"branchMap":{"0":{"loc":{"start":{"line":14,"column":13},"end":{"line":14,"column":26}},"type":"binary-expr","locations":[{"start":{"line":14,"column":13},"end":{"line":14,"column":26}},{"start":{"line":14,"column":26},"end":{"line":14,"column":null}}]}},"s":{"0":1,"1":1,"2":1,"3":1,"4":1,"5":1},"f":{"0":1,"1":1},"b":{"0":[1,0]}}
,"D:\\WORK\\Proba\\ForVue\\profitoro-nuxt\\pages\\login.vue": {"path":"D:\\WORK\\Proba\\ForVue\\profitoro-nuxt\\pages\\login.vue","statementMap":{"0":{"start":{"line":2,"column":0},"end":{"line":2,"column":null}},"1":{"start":{"line":4,"column":15},"end":{"line":4,"column":null}}},"fnMap":{},"branchMap":{},"s":{"0":1,"1":1},"f":{},"b":{}}
,"D:\\WORK\\Proba\\ForVue\\profitoro-nuxt\\pages\\pomodoro.vue": {"path":"D:\\WORK\\Proba\\ForVue\\profitoro-nuxt\\pages\\pomodoro.vue","statementMap":{"0":{"start":{"line":2,"column":0},"end":{"line":2,"column":null}},"1":{"start":{"line":3,"column":0},"end":{"line":3,"column":null}},"2":{"start":{"line":4,"column":0},"end":{"line":4,"column":null}},"3":{"start":{"line":5,"column":0},"end":{"line":5,"column":null}},"4":{"start":{"line":7,"column":14},"end":{"line":7,"column":null}},"5":{"start":{"line":12,"column":15},"end":{"line":12,"column":null}},"6":{"start":{"line":14,"column":4},"end":{"line":14,"column":11}},"7":{"start":{"line":30,"column":6},"end":{"line":30,"column":14}},"8":{"start":{"line":32,"column":10},"end":{"line":32,"column":17}},"9":{"start":{"line":33,"column":10},"end":{"line":33,"column":null}},"10":{"start":{"line":35,"column":10},"end":{"line":35,"column":17}},"11":{"start":{"line":36,"column":10},"end":{"line":36,"column":null}},"12":{"start":{"line":38,"column":10},"end":{"line":38,"column":17}},"13":{"start":{"line":39,"column":10},"end":{"line":39,"column":null}},"14":{"start":{"line":41,"column":10},"end":{"line":41,"column":17}},"15":{"start":{"line":42,"column":10},"end":{"line":42,"column":null}},"16":{"start":{"line":45,"column":6},"end":{"line":45,"column":13}},"17":{"start":{"line":56,"column":6},"end":{"line":56,"column":13}},"18":{"start":{"line":59,"column":6},"end":{"line":59,"column":null}},"19":{"start":{"line":60,"column":6},"end":{"line":60,"column":14}},"20":{"start":{"line":63,"column":10},"end":{"line":63,"column":15}},"21":{"start":{"line":64,"column":10},"end":{"line":64,"column":15}},"22":{"start":{"line":65,"column":10},"end":{"line":65,"column":15}},"23":{"start":{"line":67,"column":10},"end":{"line":67,"column":15}},"24":{"start":{"line":68,"column":10},"end":{"line":68,"column":15}},"25":{"start":{"line":69,"column":10},"end":{"line":69,"column":null}},"26":{"start":{"line":72,"column":10},"end":{"line":72,"column":15}},"27":{"start":{"line":73,"column":10},"end":{"line":73,"column":null}},"28":{"start":{"line":75,"column":6},"end":{"line":75,"column":11}}},"fnMap":{"0":{"name":"(anonymous_1)","decl":{"start":{"line":13,"column":2},"end":{"line":13,"column":6}},"loc":{"start":{"line":13,"column":10},"end":{"line":20,"column":null}}},"1":{"name":"(anonymous_2)","decl":{"start":{"line":27,"column":4},"end":{"line":27,"column":8}},"loc":{"start":{"line":27,"column":12},"end":{"line":46,"column":null}}},"2":{"name":"(anonymous_3)","decl":{"start":{"line":55,"column":4},"end":{"line":55,"column":20}},"loc":{"start":{"line":55,"column":24},"end":{"line":57,"column":null}}},"3":{"name":"(anonymous_4)","decl":{"start":{"line":58,"column":4},"end":{"line":58,"column":18}},"loc":{"start":{"line":58,"column":22},"end":{"line":76,"column":null}}}},"branchMap":{"0":{"loc":{"start":{"line":31,"column":8},"end":{"line":33,"column":null}},"type":"switch","locations":[{"start":{"line":31,"column":8},"end":{"line":33,"column":null}},{"start":{"line":34,"column":8},"end":{"line":36,"column":null}},{"start":{"line":37,"column":8},"end":{"line":39,"column":null}},{"start":{"line":40,"column":8},"end":{"line":42,"column":null}}]},"1":{"loc":{"start":{"line":61,"column":8},"end":{"line":69,"column":null}},"type":"switch","locations":[{"start":{"line":61,"column":8},"end":{"line":69,"column":null}},{"start":{"line":70,"column":8},"end":{"line":73,"column":null}}]},"2":{"loc":{"start":{"line":66,"column":14},"end":{"line":66,"column":33}},"type":"cond-expr","locations":[{"start":{"line":66,"column":14},"end":{"line":66,"column":33}},{"start":{"line":66,"column":33},"end":{"line":66,"column":null}}]},"3":{"loc":{"start":{"line":68,"column":39},"end":{"line":68,"column":70}},"type":"binary-expr","locations":[{"start":{"line":68,"column":39},"end":{"line":68,"column":70}},{"start":{"line":68,"column":70},"end":{"line":68,"column":108}},{"start":{"line":68,"column":108},"end":{"line":68,"column":113}}]}},"s":{"0":1,"1":1,"2":1,"3":1,"4":1,"5":1,"6":1,"7":1,"8":1,"9":1,"10":0,"11":0,"12":0,"13":0,"14":0,"15":0,"16":1,"17":0,"18":0,"19":0,"20":0,"21":0,"22":0,"23":0,"24":0,"25":0,"26":0,"27":0,"28":0},"f":{"0":1,"1":1,"2":0,"3":0},"b":{"0":[1,0,0,0],"1":[0,0],"2":[0,0],"3":[0,0,0]}}
,"D:\\WORK\\Proba\\ForVue\\profitoro-nuxt\\pages\\settings.vue": {"path":"D:\\WORK\\Proba\\ForVue\\profitoro-nuxt\\pages\\settings.vue","statementMap":{"0":{"start":{"line":2,"column":0},"end":{"line":2,"column":null}},"1":{"start":{"line":3,"column":0},"end":{"line":3,"column":null}},"2":{"start":{"line":4,"column":0},"end":{"line":4,"column":null}},"3":{"start":{"line":6,"column":15},"end":{"line":6,"column":null}}},"fnMap":{},"branchMap":{},"s":{"0":1,"1":1,"2":1,"3":1},"f":{},"b":{}}
,"D:\\WORK\\Proba\\ForVue\\profitoro-nuxt\\pages\\statistics.vue": {"path":"D:\\WORK\\Proba\\ForVue\\profitoro-nuxt\\pages\\statistics.vue","statementMap":{"0":{"start":{"line":2,"column":0},"end":{"line":2,"column":null}},"1":{"start":{"line":3,"column":0},"end":{"line":3,"column":null}},"2":{"start":{"line":4,"column":15},"end":{"line":4,"column":null}}},"fnMap":{},"branchMap":{},"s":{"0":1,"1":1,"2":1},"f":{},"b":{}}
,"D:\\WORK\\Proba\\ForVue\\profitoro-nuxt\\pages\\workouts.vue": {"path":"D:\\WORK\\Proba\\ForVue\\profitoro-nuxt\\pages\\workouts.vue","statementMap":{"0":{"start":{"line":2,"column":0},"end":{"line":2,"column":null}},"1":{"start":{"line":3,"column":0},"end":{"line":3,"column":null}},"2":{"start":{"line":4,"column":15},"end":{"line":4,"column":null}}},"fnMap":{},"branchMap":{},"s":{"0":1,"1":1,"2":1},"f":{},"b":{}}
,"D:\\WORK\\Proba\\ForVue\\profitoro-nuxt\\store\\actions.js": {"path":"D:\\WORK\\Proba\\ForVue\\profitoro-nuxt\\store\\actions.js","statementMap":{"0":{"start":{"line":12,"column":12},"end":{"line":12,"column":57}},"1":{"start":{"line":13,"column":2},"end":{"line":16,"column":4}},"2":{"start":{"line":15,"column":4},"end":{"line":15,"column":40}},"3":{"start":{"line":29,"column":4},"end":{"line":29,"column":47}},"4":{"start":{"line":38,"column":4},"end":{"line":40,"column":5}},"5":{"start":{"line":39,"column":6},"end":{"line":39,"column":12}},"6":{"start":{"line":42,"column":4},"end":{"line":42,"column":45}},"7":{"start":{"line":43,"column":4},"end":{"line":43,"column":32}},"8":{"start":{"line":44,"column":4},"end":{"line":44,"column":29}},"9":{"start":{"line":45,"column":4},"end":{"line":45,"column":20}},"10":{"start":{"line":47,"column":24},"end":{"line":47,"column":52}},"11":{"start":{"line":50,"column":18},"end":{"line":50,"column":20}},"12":{"start":{"line":51,"column":4},"end":{"line":51,"column":51}},"13":{"start":{"line":52,"column":4},"end":{"line":52,"column":79}},"14":{"start":{"line":54,"column":4},"end":{"line":54,"column":55}},"15":{"start":{"line":62,"column":4},"end":{"line":64,"column":5}},"16":{"start":{"line":63,"column":6},"end":{"line":63,"column":12}},"17":{"start":{"line":65,"column":4},"end":{"line":65,"column":49}},"18":{"start":{"line":66,"column":4},"end":{"line":70,"column":5}},"19":{"start":{"line":67,"column":6},"end":{"line":67,"column":47}},"20":{"start":{"line":69,"column":6},"end":{"line":69,"column":51}},"21":{"start":{"line":78,"column":4},"end":{"line":80,"column":5}},"22":{"start":{"line":79,"column":6},"end":{"line":79,"column":12}},"23":{"start":{"line":81,"column":4},"end":{"line":81,"column":39}},"24":{"start":{"line":82,"column":4},"end":{"line":86,"column":5}},"25":{"start":{"line":83,"column":6},"end":{"line":83,"column":42}},"26":{"start":{"line":85,"column":6},"end":{"line":85,"column":41}},"27":{"start":{"line":94,"column":4},"end":{"line":96,"column":5}},"28":{"start":{"line":95,"column":6},"end":{"line":95,"column":12}},"29":{"start":{"line":97,"column":4},"end":{"line":97,"column":37}},"30":{"start":{"line":98,"column":4},"end":{"line":102,"column":5}},"31":{"start":{"line":99,"column":6},"end":{"line":99,"column":41}},"32":{"start":{"line":101,"column":6},"end":{"line":101,"column":39}},"33":{"start":{"line":110,"column":4},"end":{"line":110,"column":64}},"34":{"start":{"line":118,"column":4},"end":{"line":121,"column":6}},"35":{"start":{"line":120,"column":6},"end":{"line":120,"column":44}},"36":{"start":{"line":130,"column":4},"end":{"line":132,"column":6}},"37":{"start":{"line":133,"column":4},"end":{"line":133,"column":41}},"38":{"start":{"line":141,"column":4},"end":{"line":143,"column":6}},"39":{"start":{"line":151,"column":4},"end":{"line":155,"column":6}},"40":{"start":{"line":154,"column":6},"end":{"line":154,"column":24}},"41":{"start":{"line":163,"column":4},"end":{"line":163,"column":66}},"42":{"start":{"line":170,"column":4},"end":{"line":172,"column":6}},"43":{"start":{"line":171,"column":6},"end":{"line":171,"column":44}},"44":{"start":{"line":179,"column":4},"end":{"line":179,"column":32}},"45":{"start":{"line":186,"column":4},"end":{"line":195,"column":6}},"46":{"start":{"line":187,"column":6},"end":{"line":187,"column":29}},"47":{"start":{"line":188,"column":6},"end":{"line":191,"column":7}},"48":{"start":{"line":189,"column":8},"end":{"line":189,"column":50}},"49":{"start":{"line":190,"column":8},"end":{"line":190,"column":48}},"50":{"start":{"line":192,"column":6},"end":{"line":194,"column":7}},"51":{"start":{"line":193,"column":8},"end":{"line":193,"column":44}},"52":{"start":{"line":202,"column":13},"end":{"line":202,"column":35}},"53":{"start":{"line":203,"column":20},"end":{"line":203,"column":56}},"54":{"start":{"line":204,"column":24},"end":{"line":204,"column":57}},"55":{"start":{"line":205,"column":22},"end":{"line":205,"column":41}},"56":{"start":{"line":207,"column":4},"end":{"line":209,"column":6}},"57":{"start":{"line":208,"column":6},"end":{"line":208,"column":39}},"58":{"start":{"line":210,"column":4},"end":{"line":212,"column":6}},"59":{"start":{"line":211,"column":6},"end":{"line":211,"column":47}},"60":{"start":{"line":213,"column":4},"end":{"line":215,"column":6}},"61":{"start":{"line":214,"column":6},"end":{"line":214,"column":43}},"62":{"start":{"line":223,"column":4},"end":{"line":228,"column":6}},"63":{"start":{"line":224,"column":6},"end":{"line":226,"column":7}},"64":{"start":{"line":225,"column":8},"end":{"line":225,"column":36}},"65":{"start":{"line":227,"column":6},"end":{"line":227,"column":40}},"66":{"start":{"line":234,"column":4},"end":{"line":234,"column":32}},"67":{"start":{"line":235,"column":4},"end":{"line":235,"column":36}},"68":{"start":{"line":236,"column":4},"end":{"line":236,"column":34}},"69":{"start":{"line":237,"column":4},"end":{"line":243,"column":5}},"70":{"start":{"line":238,"column":6},"end":{"line":238,"column":33}},"71":{"start":{"line":239,"column":6},"end":{"line":239,"column":37}},"72":{"start":{"line":240,"column":6},"end":{"line":240,"column":35}},"73":{"start":{"line":242,"column":6},"end":{"line":242,"column":12}}},"fnMap":{"0":{"name":"_uploadImage","decl":{"start":{"line":11,"column":9},"end":{"line":11,"column":21}},"loc":{"start":{"line":11,"column":29},"end":{"line":17,"column":1}},"line":11},"1":{"name":"(anonymous_1)","decl":{"start":{"line":13,"column":61},"end":{"line":13,"column":62}},"loc":{"start":{"line":13,"column":73},"end":{"line":16,"column":3}},"line":13},"2":{"name":"(anonymous_2)","decl":{"start":{"line":27,"column":2},"end":{"line":27,"column":3}},"loc":{"start":{"line":27,"column":32},"end":{"line":30,"column":3}},"line":27},"3":{"name":"(anonymous_3)","decl":{"start":{"line":37,"column":2},"end":{"line":37,"column":3}},"loc":{"start":{"line":37,"column":46},"end":{"line":55,"column":3}},"line":37},"4":{"name":"(anonymous_4)","decl":{"start":{"line":61,"column":2},"end":{"line":61,"column":3}},"loc":{"start":{"line":61,"column":56},"end":{"line":71,"column":3}},"line":61},"5":{"name":"(anonymous_5)","decl":{"start":{"line":77,"column":2},"end":{"line":77,"column":3}},"loc":{"start":{"line":77,"column":46},"end":{"line":87,"column":3}},"line":77},"6":{"name":"(anonymous_6)","decl":{"start":{"line":93,"column":2},"end":{"line":93,"column":3}},"loc":{"start":{"line":93,"column":44},"end":{"line":103,"column":3}},"line":93},"7":{"name":"(anonymous_7)","decl":{"start":{"line":109,"column":2},"end":{"line":109,"column":3}},"loc":{"start":{"line":109,"column":49},"end":{"line":111,"column":3}},"line":109},"8":{"name":"(anonymous_8)","decl":{"start":{"line":117,"column":2},"end":{"line":117,"column":3}},"loc":{"start":{"line":117,"column":42},"end":{"line":122,"column":3}},"line":117},"9":{"name":"(anonymous_9)","decl":{"start":{"line":119,"column":11},"end":{"line":119,"column":12}},"loc":{"start":{"line":119,"column":20},"end":{"line":121,"column":5}},"line":119},"10":{"name":"(anonymous_10)","decl":{"start":{"line":129,"column":2},"end":{"line":129,"column":3}},"loc":{"start":{"line":129,"column":48},"end":{"line":134,"column":3}},"line":129},"11":{"name":"(anonymous_11)","decl":{"start":{"line":140,"column":2},"end":{"line":140,"column":3}},"loc":{"start":{"line":140,"column":37},"end":{"line":144,"column":3}},"line":140},"12":{"name":"(anonymous_12)","decl":{"start":{"line":150,"column":2},"end":{"line":150,"column":3}},"loc":{"start":{"line":150,"column":35},"end":{"line":156,"column":3}},"line":150},"13":{"name":"(anonymous_13)","decl":{"start":{"line":151,"column":39},"end":{"line":151,"column":40}},"loc":{"start":{"line":151,"column":45},"end":{"line":153,"column":5}},"line":151},"14":{"name":"(anonymous_14)","decl":{"start":{"line":153,"column":7},"end":{"line":153,"column":8}},"loc":{"start":{"line":153,"column":16},"end":{"line":155,"column":5}},"line":153},"15":{"name":"(anonymous_15)","decl":{"start":{"line":162,"column":2},"end":{"line":162,"column":3}},"loc":{"start":{"line":162,"column":54},"end":{"line":164,"column":3}},"line":162},"16":{"name":"(anonymous_16)","decl":{"start":{"line":169,"column":2},"end":{"line":169,"column":3}},"loc":{"start":{"line":169,"column":34},"end":{"line":173,"column":3}},"line":169},"17":{"name":"(anonymous_17)","decl":{"start":{"line":170,"column":49},"end":{"line":170,"column":50}},"loc":{"start":{"line":170,"column":58},"end":{"line":172,"column":5}},"line":170},"18":{"name":"(anonymous_18)","decl":{"start":{"line":178,"column":2},"end":{"line":178,"column":3}},"loc":{"start":{"line":178,"column":19},"end":{"line":180,"column":3}},"line":178},"19":{"name":"(anonymous_19)","decl":{"start":{"line":185,"column":2},"end":{"line":185,"column":3}},"loc":{"start":{"line":185,"column":39},"end":{"line":196,"column":3}},"line":185},"20":{"name":"(anonymous_20)","decl":{"start":{"line":186,"column":42},"end":{"line":186,"column":43}},"loc":{"start":{"line":186,"column":50},"end":{"line":195,"column":5}},"line":186},"21":{"name":"(anonymous_21)","decl":{"start":{"line":201,"column":41},"end":{"line":201,"column":42}},"loc":{"start":{"line":201,"column":78},"end":{"line":216,"column":3}},"line":201},"22":{"name":"(anonymous_22)","decl":{"start":{"line":207,"column":85},"end":{"line":207,"column":86}},"loc":{"start":{"line":207,"column":91},"end":{"line":209,"column":5}},"line":207},"23":{"name":"(anonymous_23)","decl":{"start":{"line":210,"column":93},"end":{"line":210,"column":94}},"loc":{"start":{"line":210,"column":99},"end":{"line":212,"column":5}},"line":210},"24":{"name":"(anonymous_24)","decl":{"start":{"line":213,"column":89},"end":{"line":213,"column":90}},"loc":{"start":{"line":213,"column":95},"end":{"line":215,"column":5}},"line":213},"25":{"name":"(anonymous_25)","decl":{"start":{"line":222,"column":40},"end":{"line":222,"column":41}},"loc":{"start":{"line":222,"column":91},"end":{"line":229,"column":3}},"line":222},"26":{"name":"(anonymous_26)","decl":{"start":{"line":223,"column":40},"end":{"line":223,"column":41}},"loc":{"start":{"line":223,"column":52},"end":{"line":228,"column":5}},"line":223},"27":{"name":"(anonymous_27)","decl":{"start":{"line":233,"column":43},"end":{"line":233,"column":44}},"loc":{"start":{"line":233,"column":76},"end":{"line":244,"column":3}},"line":233}},"branchMap":{"0":{"loc":{"start":{"line":38,"column":4},"end":{"line":40,"column":5}},"type":"if","locations":[{"start":{"line":38,"column":4},"end":{"line":40,"column":5}},{"start":{"line":38,"column":4},"end":{"line":40,"column":5}}],"line":38},"1":{"loc":{"start":{"line":62,"column":4},"end":{"line":64,"column":5}},"type":"if","locations":[{"start":{"line":62,"column":4},"end":{"line":64,"column":5}},{"start":{"line":62,"column":4},"end":{"line":64,"column":5}}],"line":62},"2":{"loc":{"start":{"line":66,"column":4},"end":{"line":70,"column":5}},"type":"if","locations":[{"start":{"line":66,"column":4},"end":{"line":70,"column":5}},{"start":{"line":66,"column":4},"end":{"line":70,"column":5}}],"line":66},"3":{"loc":{"start":{"line":78,"column":4},"end":{"line":80,"column":5}},"type":"if","locations":[{"start":{"line":78,"column":4},"end":{"line":80,"column":5}},{"start":{"line":78,"column":4},"end":{"line":80,"column":5}}],"line":78},"4":{"loc":{"start":{"line":82,"column":4},"end":{"line":86,"column":5}},"type":"if","locations":[{"start":{"line":82,"column":4},"end":{"line":86,"column":5}},{"start":{"line":82,"column":4},"end":{"line":86,"column":5}}],"line":82},"5":{"loc":{"start":{"line":94,"column":4},"end":{"line":96,"column":5}},"type":"if","locations":[{"start":{"line":94,"column":4},"end":{"line":96,"column":5}},{"start":{"line":94,"column":4},"end":{"line":96,"column":5}}],"line":94},"6":{"loc":{"start":{"line":98,"column":4},"end":{"line":102,"column":5}},"type":"if","locations":[{"start":{"line":98,"column":4},"end":{"line":102,"column":5}},{"start":{"line":98,"column":4},"end":{"line":102,"column":5}}],"line":98},"7":{"loc":{"start":{"line":188,"column":6},"end":{"line":191,"column":7}},"type":"if","locations":[{"start":{"line":188,"column":6},"end":{"line":191,"column":7}},{"start":{"line":188,"column":6},"end":{"line":191,"column":7}}],"line":188},"8":{"loc":{"start":{"line":188,"column":10},"end":{"line":188,"column":35}},"type":"binary-expr","locations":[{"start":{"line":188,"column":10},"end":{"line":188,"column":14}},{"start":{"line":188,"column":18},"end":{"line":188,"column":35}}],"line":188},"9":{"loc":{"start":{"line":192,"column":6},"end":{"line":194,"column":7}},"type":"if","locations":[{"start":{"line":192,"column":6},"end":{"line":194,"column":7}},{"start":{"line":192,"column":6},"end":{"line":194,"column":7}}],"line":192},"10":{"loc":{"start":{"line":224,"column":6},"end":{"line":226,"column":7}},"type":"if","locations":[{"start":{"line":224,"column":6},"end":{"line":226,"column":7}},{"start":{"line":224,"column":6},"end":{"line":226,"column":7}}],"line":224}},"s":{"0":0,"1":0,"2":0,"3":0,"4":1,"5":0,"6":1,"7":1,"8":1,"9":1,"10":1,"11":1,"12":1,"13":1,"14":1,"15":0,"16":0,"17":0,"18":0,"19":0,"20":0,"21":0,"22":0,"23":0,"24":0,"25":0,"26":0,"27":0,"28":0,"29":0,"30":0,"31":0,"32":0,"33":0,"34":0,"35":0,"36":0,"37":0,"38":0,"39":0,"40":0,"41":0,"42":0,"43":0,"44":1,"45":1,"46":0,"47":0,"48":0,"49":0,"50":0,"51":0,"52":0,"53":0,"54":0,"55":0,"56":0,"57":0,"58":0,"59":0,"60":0,"61":0,"62":0,"63":0,"64":0,"65":0,"66":0,"67":0,"68":0,"69":0,"70":0,"71":0,"72":0,"73":0},"f":{"0":0,"1":0,"2":0,"3":1,"4":0,"5":0,"6":0,"7":0,"8":0,"9":0,"10":0,"11":0,"12":0,"13":0,"14":0,"15":0,"16":0,"17":0,"18":1,"19":1,"20":0,"21":0,"22":0,"23":0,"24":0,"25":0,"26":0,"27":0},"b":{"0":[0,1],"1":[0,0],"2":[0,0],"3":[0,0],"4":[0,0],"5":[0,0],"6":[0,0],"7":[0,0],"8":[0,0],"9":[0,0],"10":[0,0]},"_coverageSchema":"43e27e138ebf9cfc5966b082cf9a028302ed4184","hash":"7fd91d8eacf3a66d05c9f7a4324a51bb7548b965"}
,"D:\\WORK\\Proba\\ForVue\\profitoro-nuxt\\store\\getters.js": {"path":"D:\\WORK\\Proba\\ForVue\\profitoro-nuxt\\store\\getters.js","statementMap":{"0":{"start":{"line":2,"column":22},"end":{"line":2,"column":34}},"1":{"start":{"line":3,"column":20},"end":{"line":3,"column":30}},"2":{"start":{"line":4,"column":27},"end":{"line":4,"column":44}},"3":{"start":{"line":5,"column":24},"end":{"line":5,"column":38}},"4":{"start":{"line":6,"column":30},"end":{"line":6,"column":61}},"5":{"start":{"line":7,"column":28},"end":{"line":7,"column":65}}},"fnMap":{"0":{"name":"(anonymous_0)","decl":{"start":{"line":2,"column":13},"end":{"line":2,"column":14}},"loc":{"start":{"line":2,"column":22},"end":{"line":2,"column":34}},"line":2},"1":{"name":"(anonymous_1)","decl":{"start":{"line":3,"column":11},"end":{"line":3,"column":12}},"loc":{"start":{"line":3,"column":20},"end":{"line":3,"column":30}},"line":3},"2":{"name":"(anonymous_2)","decl":{"start":{"line":4,"column":18},"end":{"line":4,"column":19}},"loc":{"start":{"line":4,"column":27},"end":{"line":4,"column":44}},"line":4},"3":{"name":"(anonymous_3)","decl":{"start":{"line":5,"column":15},"end":{"line":5,"column":16}},"loc":{"start":{"line":5,"column":24},"end":{"line":5,"column":38}},"line":5},"4":{"name":"(anonymous_4)","decl":{"start":{"line":6,"column":21},"end":{"line":6,"column":22}},"loc":{"start":{"line":6,"column":30},"end":{"line":6,"column":61}},"line":6},"5":{"name":"(anonymous_5)","decl":{"start":{"line":7,"column":19},"end":{"line":7,"column":20}},"loc":{"start":{"line":7,"column":28},"end":{"line":7,"column":65}},"line":7}},"branchMap":{"0":{"loc":{"start":{"line":7,"column":28},"end":{"line":7,"column":65}},"type":"binary-expr","locations":[{"start":{"line":7,"column":28},"end":{"line":7,"column":38}},{"start":{"line":7,"column":42},"end":{"line":7,"column":65}}],"line":7}},"s":{"0":0,"1":0,"2":0,"3":0,"4":0,"5":1},"f":{"0":0,"1":0,"2":0,"3":0,"4":0,"5":1},"b":{"0":[1,0]},"_coverageSchema":"43e27e138ebf9cfc5966b082cf9a028302ed4184","hash":"8432eb59d6a47c8ce51e01a9dd2652c36b01f822"}
,"D:\\WORK\\Proba\\ForVue\\profitoro-nuxt\\store\\index.js": {"path":"D:\\WORK\\Proba\\ForVue\\profitoro-nuxt\\store\\index.js","statementMap":{"0":{"start":{"line":8,"column":0},"end":{"line":8,"column":13}},"1":{"start":{"line":10,"column":21},"end":{"line":20,"column":2}}},"fnMap":{"0":{"name":"(anonymous_0)","decl":{"start":{"line":10,"column":15},"end":{"line":10,"column":16}},"loc":{"start":{"line":10,"column":21},"end":{"line":20,"column":2}},"line":10}},"branchMap":{},"s":{"0":2,"1":8},"f":{"0":8},"b":{},"_coverageSchema":"43e27e138ebf9cfc5966b082cf9a028302ed4184","hash":"6f3fbd56ea742852d0238d8c23c17c39819cfa14"}
,"D:\\WORK\\Proba\\ForVue\\profitoro-nuxt\\store\\mutations.js": {"path":"D:\\WORK\\Proba\\ForVue\\profitoro-nuxt\\store\\mutations.js","statementMap":{"0":{"start":{"line":3,"column":4},"end":{"line":3,"column":50}},"1":{"start":{"line":6,"column":4},"end":{"line":6,"column":40}},"2":{"start":{"line":9,"column":4},"end":{"line":9,"column":38}},"3":{"start":{"line":12,"column":4},"end":{"line":12,"column":22}},"4":{"start":{"line":15,"column":4},"end":{"line":15,"column":27}},"5":{"start":{"line":18,"column":4},"end":{"line":18,"column":31}},"6":{"start":{"line":21,"column":4},"end":{"line":21,"column":29}},"7":{"start":{"line":24,"column":4},"end":{"line":24,"column":29}}},"fnMap":{"0":{"name":"(anonymous_0)","decl":{"start":{"line":2,"column":2},"end":{"line":2,"column":3}},"loc":{"start":{"line":2,"column":46},"end":{"line":4,"column":3}},"line":2},"1":{"name":"(anonymous_1)","decl":{"start":{"line":5,"column":2},"end":{"line":5,"column":3}},"loc":{"start":{"line":5,"column":36},"end":{"line":7,"column":3}},"line":5},"2":{"name":"(anonymous_2)","decl":{"start":{"line":8,"column":2},"end":{"line":8,"column":3}},"loc":{"start":{"line":8,"column":34},"end":{"line":10,"column":3}},"line":8},"3":{"name":"(anonymous_3)","decl":{"start":{"line":11,"column":2},"end":{"line":11,"column":3}},"loc":{"start":{"line":11,"column":25},"end":{"line":13,"column":3}},"line":11},"4":{"name":"(anonymous_4)","decl":{"start":{"line":14,"column":2},"end":{"line":14,"column":3}},"loc":{"start":{"line":14,"column":30},"end":{"line":16,"column":3}},"line":14},"5":{"name":"(anonymous_5)","decl":{"start":{"line":17,"column":2},"end":{"line":17,"column":3}},"loc":{"start":{"line":17,"column":34},"end":{"line":19,"column":3}},"line":17},"6":{"name":"(anonymous_6)","decl":{"start":{"line":20,"column":2},"end":{"line":20,"column":3}},"loc":{"start":{"line":20,"column":32},"end":{"line":22,"column":3}},"line":20},"7":{"name":"(anonymous_7)","decl":{"start":{"line":23,"column":2},"end":{"line":23,"column":3}},"loc":{"start":{"line":23,"column":32},"end":{"line":25,"column":3}},"line":23}},"branchMap":{},"s":{"0":1,"1":1,"2":1,"3":1,"4":1,"5":0,"6":1,"7":1},"f":{"0":1,"1":1,"2":1,"3":1,"4":1,"5":0,"6":1,"7":1},"b":{},"_coverageSchema":"43e27e138ebf9cfc5966b082cf9a028302ed4184","hash":"3aff16c6c89a6c9ef80045d637a51063dccf84f6"}
,"D:\\WORK\\Proba\\ForVue\\profitoro-nuxt\\store\\state.js": {"path":"D:\\WORK\\Proba\\ForVue\\profitoro-nuxt\\store\\state.js","statementMap":{"0":{"start":{"line":1,"column":15},"end":{"line":6,"column":1}},"1":{"start":{"line":8,"column":13},"end":{"line":8,"column":17}},"2":{"start":{"line":9,"column":18},"end":{"line":9,"column":22}},"3":{"start":{"line":10,"column":22},"end":{"line":10,"column":26}},"4":{"start":{"line":11,"column":20},"end":{"line":11,"column":24}},"5":{"start":{"line":12,"column":20},"end":{"line":12,"column":22}},"6":{"start":{"line":14,"column":19},"end":{"line":23,"column":1}}},"fnMap":{},"branchMap":{},"s":{"0":2,"1":2,"2":2,"3":2,"4":2,"5":2,"6":2},"f":{},"b":{},"_coverageSchema":"43e27e138ebf9cfc5966b082cf9a028302ed4184","hash":"ad0b427fb04691489d631826605a1f2cbe1346a0"}
,"D:\\WORK\\Proba\\ForVue\\profitoro-nuxt\\test\\sum.js": {"path":"D:\\WORK\\Proba\\ForVue\\profitoro-nuxt\\test\\sum.js","statementMap":{"0":{"start":{"line":2,"column":2},"end":{"line":2,"column":14}}},"fnMap":{"0":{"name":"sum","decl":{"start":{"line":1,"column":24},"end":{"line":1,"column":27}},"loc":{"start":{"line":1,"column":35},"end":{"line":3,"column":1}},"line":1}},"branchMap":{},"s":{"0":1},"f":{"0":1},"b":{},"_coverageSchema":"43e27e138ebf9cfc5966b082cf9a028302ed4184","hash":"1466c16367669b1d1c2dc7064a9d46d215fc562e"}
,"D:\\WORK\\Proba\\ForVue\\profitoro-nuxt\\utils\\utils.js": {"path":"D:\\WORK\\Proba\\ForVue\\profitoro-nuxt\\utils\\utils.js","statementMap":{"0":{"start":{"line":6,"column":23},"end":{"line":12,"column":1}},"1":{"start":{"line":7,"column":2},"end":{"line":9,"column":3}},"2":{"start":{"line":8,"column":4},"end":{"line":8,"column":16}},"3":{"start":{"line":11,"column":2},"end":{"line":11,"column":20}},"4":{"start":{"line":19,"column":38},"end":{"line":25,"column":1}},"5":{"start":{"line":20,"column":17},"end":{"line":20,"column":21}},"6":{"start":{"line":21,"column":2},"end":{"line":23,"column":3}},"7":{"start":{"line":22,"column":4},"end":{"line":22,"column":12}},"8":{"start":{"line":24,"column":2},"end":{"line":24,"column":54}},"9":{"start":{"line":28,"column":20},"end":{"line":31,"column":1}},"10":{"start":{"line":29,"column":12},"end":{"line":29,"column":4111}},"11":{"start":{"line":30,"column":2},"end":{"line":30,"column":12}}},"fnMap":{"0":{"name":"(anonymous_0)","decl":{"start":{"line":6,"column":23},"end":{"line":6,"column":24}},"loc":{"start":{"line":6,"column":32},"end":{"line":12,"column":1}},"line":6},"1":{"name":"(anonymous_1)","decl":{"start":{"line":19,"column":38},"end":{"line":19,"column":39}},"loc":{"start":{"line":19,"column":51},"end":{"line":25,"column":1}},"line":19},"2":{"name":"(anonymous_2)","decl":{"start":{"line":28,"column":20},"end":{"line":28,"column":21}},"loc":{"start":{"line":28,"column":26},"end":{"line":31,"column":1}},"line":28}},"branchMap":{"0":{"loc":{"start":{"line":7,"column":2},"end":{"line":9,"column":3}},"type":"if","locations":[{"start":{"line":7,"column":2},"end":{"line":9,"column":3}},{"start":{"line":7,"column":2},"end":{"line":9,"column":3}}],"line":7},"1":{"loc":{"start":{"line":21,"column":2},"end":{"line":23,"column":3}},"type":"if","locations":[{"start":{"line":21,"column":2},"end":{"line":23,"column":3}},{"start":{"line":21,"column":2},"end":{"line":23,"column":3}}],"line":21}},"s":{"0":2,"1":4,"2":2,"3":2,"4":2,"5":2,"6":2,"7":1,"8":1,"9":2,"10":1,"11":1},"f":{"0":4,"1":2,"2":1},"b":{"0":[2,2],"1":[1,1]},"_coverageSchema":"43e27e138ebf9cfc5966b082cf9a028302ed4184","hash":"0ea64f7a61c6e43512ff392c2c0fa2690e396060"}
}
